Configurations:
=========================================
[ACC, Root, Memory, SensorInformation, ECG, Storage, Fall, Monitoring, Sensor] --> 0.9753055227987119
[ACC, Root, Memory, SensorInformation, ECG, Storage, PulseRate, Fall, Monitoring, Sensor] --> 0.9655962394871564
[ACC, Root, Memory, SensorInformation, ECG, Storage, PulseRate, Monitoring, Sensor] --> 0.9753055227987119
[ACC, Root, Memory, SensorInformation, ECG, TEMP, Storage, Fall, Monitoring, Sensor] --> 0.9723825311715786
[ACC, Root, Memory, SensorInformation, ECG, TEMP, Storage, PulseRate, Fall, Monitoring, Sensor] --> 0.9627023465918173
[ACC, Root, Memory, SensorInformation, ECG, TEMP, Storage, PulseRate, Monitoring, Sensor] --> 0.9723825311715786
[ACC, Root, Memory, SensorInformation, Storage, Fall, Monitoring, Sensor] --> 0.97823730096795
[ACC, Root, Memory, SensorInformation, TEMP, Storage, Fall, Monitoring, Sensor] --> 0.9753055227987119
[ACC, Root, Position, Memory, SensorInformation, ECG, Storage, Fall, Monitoring, Sensor] --> 0.9655962394871564
[ACC, Root, Position, Memory, SensorInformation, ECG, Storage, Monitoring, Sensor] --> 0.9753055227987119
[ACC, Root, Position, Memory, SensorInformation, ECG, Storage, PulseRate, Fall, Monitoring, Sensor] --> 0.9559836132540451
[ACC, Root, Position, Memory, SensorInformation, ECG, Storage, PulseRate, Monitoring, Sensor] --> 0.9655962394871564
[ACC, Root, Position, Memory, SensorInformation, ECG, TEMP, Storage, Fall, Monitoring, Sensor] --> 0.9627023465918173
[ACC, Root, Position, Memory, SensorInformation, ECG, TEMP, Storage, Monitoring, Sensor] --> 0.9723825311715786
[ACC, Root, Position, Memory, SensorInformation, ECG, TEMP, Storage, PulseRate, Fall, Monitoring, Sensor] --> 0.9531185294091392
[ACC, Root, Position, Memory, SensorInformation, ECG, TEMP, Storage, PulseRate, Monitoring, Sensor] --> 0.9627023465918173
[ACC, Root, Position, Memory, SensorInformation, Storage, Fall, Monitoring, Sensor] --> 0.9684988314535216
[ACC, Root, Position, Memory, SensorInformation, Storage, Monitoring, Sensor] --> 0.97823730096795
[ACC, Root, Position, Memory, SensorInformation, TEMP, Storage, Fall, Monitoring, Sensor] --> 0.9655962394871564
[ACC, Root, Position, Memory, SensorInformation, TEMP, Storage, Monitoring, Sensor] --> 0.9753055227987119
[ACC, Root, Position, SPO2, Memory, SensorInformation, ECG, Storage, Fall, Monitoring, Sensor] --> 0.9627023465918173
[ACC, Root, Position, SPO2, Memory, SensorInformation, ECG, Storage, Fall, Oxygenation, Monitoring, Sensor] --> 0.9531185294091392
[ACC, Root, Position, SPO2, Memory, SensorInformation, ECG, Storage, Monitoring, Sensor] --> 0.9723825311715786
[ACC, Root, Position, SPO2, Memory, SensorInformation, ECG, Storage, Oxygenation, Monitoring, Sensor] --> 0.9627023465918173
[ACC, Root, Position, SPO2, Memory, SensorInformation, ECG, Storage, PulseRate, Fall, Monitoring, Sensor] --> 0.9531185294091392
[ACC, Root, Position, SPO2, Memory, SensorInformation, ECG, Storage, PulseRate, Fall, Oxygenation, Monitoring, Sensor] --> 0.9436301202745627
[ACC, Root, Position, SPO2, Memory, SensorInformation, ECG, Storage, PulseRate, Monitoring, Sensor] --> 0.9627023465918173
[ACC, Root, Position, SPO2, Memory, SensorInformation, ECG, Storage, PulseRate, Oxygenation, Monitoring, Sensor] --> 0.9531185294091392
[ACC, Root, Position, SPO2, Memory, SensorInformation, ECG, TEMP, Storage, Fall, Monitoring, Sensor] --> 0.9598171266963793
[ACC, Root, Position, SPO2, Memory, SensorInformation, ECG, TEMP, Storage, Fall, Oxygenation, Monitoring, Sensor] --> 0.9502620322233816
[ACC, Root, Position, SPO2, Memory, SensorInformation, ECG, TEMP, Storage, Monitoring, Sensor] --> 0.9694682997532749
[ACC, Root, Position, SPO2, Memory, SensorInformation, ECG, TEMP, Storage, Oxygenation, Monitoring, Sensor] --> 0.9598171266963793
[ACC, Root, Position, SPO2, Memory, SensorInformation, ECG, TEMP, Storage, PulseRate, Fall, Monitoring, Sensor] --> 0.9502620322233816
[ACC, Root, Position, SPO2, Memory, SensorInformation, ECG, TEMP, Storage, PulseRate, Fall, Oxygenation, Monitoring, Sensor] --> 0.9408020598604697
[ACC, Root, Position, SPO2, Memory, SensorInformation, ECG, TEMP, Storage, PulseRate, Monitoring, Sensor] --> 0.9598171266963793
[ACC, Root, Position, SPO2, Memory, SensorInformation, ECG, TEMP, Storage, PulseRate, Oxygenation, Monitoring, Sensor] --> 0.9502620322233816
[ACC, Root, Position, SPO2, Memory, SensorInformation, Storage, Fall, Monitoring, Sensor] --> 0.9655962394871564
[ACC, Root, Position, SPO2, Memory, SensorInformation, Storage, Fall, Oxygenation, Monitoring, Sensor] --> 0.9559836132540451
[ACC, Root, Position, SPO2, Memory, SensorInformation, Storage, Monitoring, Sensor] --> 0.9753055227987119
[ACC, Root, Position, SPO2, Memory, SensorInformation, Storage, Oxygenation, Monitoring, Sensor] --> 0.9655962394871564
[ACC, Root, Position, SPO2, Memory, SensorInformation, Storage, PulseRate, Fall, Monitoring, Sensor] --> 0.9559836132540451
[ACC, Root, Position, SPO2, Memory, SensorInformation, Storage, PulseRate, Fall, Oxygenation, Monitoring, Sensor] --> 0.9464666818665834
[ACC, Root, Position, SPO2, Memory, SensorInformation, Storage, PulseRate, Monitoring, Sensor] --> 0.9655962394871564
[ACC, Root, Position, SPO2, Memory, SensorInformation, Storage, PulseRate, Oxygenation, Monitoring, Sensor] --> 0.9559836132540451
[ACC, Root, Position, SPO2, Memory, SensorInformation, TEMP, Storage, Fall, Monitoring, Sensor] --> 0.9627023465918173
[ACC, Root, Position, SPO2, Memory, SensorInformation, TEMP, Storage, Fall, Oxygenation, Monitoring, Sensor] --> 0.9531185294091392
[ACC, Root, Position, SPO2, Memory, SensorInformation, TEMP, Storage, Monitoring, Sensor] --> 0.9723825311715786
[ACC, Root, Position, SPO2, Memory, SensorInformation, TEMP, Storage, Oxygenation, Monitoring, Sensor] --> 0.9627023465918173
[ACC, Root, Position, SPO2, Memory, SensorInformation, TEMP, Storage, PulseRate, Fall, Monitoring, Sensor] --> 0.9531185294091392
[ACC, Root, Position, SPO2, Memory, SensorInformation, TEMP, Storage, PulseRate, Fall, Oxygenation, Monitoring, Sensor] --> 0.9436301202745627
[ACC, Root, Position, SPO2, Memory, SensorInformation, TEMP, Storage, PulseRate, Monitoring, Sensor] --> 0.9627023465918173
[ACC, Root, Position, SPO2, Memory, SensorInformation, TEMP, Storage, PulseRate, Oxygenation, Monitoring, Sensor] --> 0.9531185294091392
[ACC, Root, Position, SPO2, SensorInformation, ECG, Storage, SQLite, Fall, Monitoring, Sensor] --> 0.9627023465918173
[ACC, Root, Position, SPO2, SensorInformation, ECG, Storage, SQLite, Fall, Oxygenation, Monitoring, Sensor] --> 0.9531185294091392
[ACC, Root, Position, SPO2, SensorInformation, ECG, Storage, SQLite, Monitoring, Sensor] --> 0.9723825311715786
[ACC, Root, Position, SPO2, SensorInformation, ECG, Storage, SQLite, Oxygenation, Monitoring, Sensor] --> 0.9627023465918173
[ACC, Root, Position, SPO2, SensorInformation, ECG, Storage, SQLite, PulseRate, Fall, Monitoring, Sensor] --> 0.9531185294091392
[ACC, Root, Position, SPO2, SensorInformation, ECG, Storage, SQLite, PulseRate, Fall, Oxygenation, Monitoring, Sensor] --> 0.9436301202745627
[ACC, Root, Position, SPO2, SensorInformation, ECG, Storage, SQLite, PulseRate, Monitoring, Sensor] --> 0.9627023465918173
[ACC, Root, Position, SPO2, SensorInformation, ECG, Storage, SQLite, PulseRate, Oxygenation, Monitoring, Sensor] --> 0.9531185294091392
[ACC, Root, Position, SPO2, SensorInformation, ECG, TEMP, Storage, SQLite, Fall, Monitoring, Sensor] --> 0.9598171266963793
[ACC, Root, Position, SPO2, SensorInformation, ECG, TEMP, Storage, SQLite, Fall, Oxygenation, Monitoring, Sensor] --> 0.9502620322233816
[ACC, Root, Position, SPO2, SensorInformation, ECG, TEMP, Storage, SQLite, Monitoring, Sensor] --> 0.9694682997532749
[ACC, Root, Position, SPO2, SensorInformation, ECG, TEMP, Storage, SQLite, Oxygenation, Monitoring, Sensor] --> 0.9598171266963793
[ACC, Root, Position, SPO2, SensorInformation, ECG, TEMP, Storage, SQLite, PulseRate, Fall, Monitoring, Sensor] --> 0.9502620322233816
[ACC, Root, Position, SPO2, SensorInformation, ECG, TEMP, Storage, SQLite, PulseRate, Fall, Oxygenation, Monitoring, Sensor] --> 0.9408020598604697
[ACC, Root, Position, SPO2, SensorInformation, ECG, TEMP, Storage, SQLite, PulseRate, Monitoring, Sensor] --> 0.9598171266963793
[ACC, Root, Position, SPO2, SensorInformation, ECG, TEMP, Storage, SQLite, PulseRate, Oxygenation, Monitoring, Sensor] --> 0.9502620322233816
[ACC, Root, Position, SPO2, SensorInformation, Storage, SQLite, Fall, Monitoring, Sensor] --> 0.9655962394871564
[ACC, Root, Position, SPO2, SensorInformation, Storage, SQLite, Fall, Oxygenation, Monitoring, Sensor] --> 0.9559836132540451
[ACC, Root, Position, SPO2, SensorInformation, Storage, SQLite, Monitoring, Sensor] --> 0.9753055227987119
[ACC, Root, Position, SPO2, SensorInformation, Storage, SQLite, Oxygenation, Monitoring, Sensor] --> 0.9655962394871564
[ACC, Root, Position, SPO2, SensorInformation, Storage, SQLite, PulseRate, Fall, Monitoring, Sensor] --> 0.9559836132540451
[ACC, Root, Position, SPO2, SensorInformation, Storage, SQLite, PulseRate, Fall, Oxygenation, Monitoring, Sensor] --> 0.9464666818665834
[ACC, Root, Position, SPO2, SensorInformation, Storage, SQLite, PulseRate, Monitoring, Sensor] --> 0.9655962394871564
[ACC, Root, Position, SPO2, SensorInformation, Storage, SQLite, PulseRate, Oxygenation, Monitoring, Sensor] --> 0.9559836132540451
[ACC, Root, Position, SPO2, SensorInformation, TEMP, Storage, SQLite, Fall, Monitoring, Sensor] --> 0.9627023465918173
[ACC, Root, Position, SPO2, SensorInformation, TEMP, Storage, SQLite, Fall, Oxygenation, Monitoring, Sensor] --> 0.9531185294091392
[ACC, Root, Position, SPO2, SensorInformation, TEMP, Storage, SQLite, Monitoring, Sensor] --> 0.9723825311715786
[ACC, Root, Position, SPO2, SensorInformation, TEMP, Storage, SQLite, Oxygenation, Monitoring, Sensor] --> 0.9627023465918173
[ACC, Root, Position, SPO2, SensorInformation, TEMP, Storage, SQLite, PulseRate, Fall, Monitoring, Sensor] --> 0.9531185294091392
[ACC, Root, Position, SPO2, SensorInformation, TEMP, Storage, SQLite, PulseRate, Fall, Oxygenation, Monitoring, Sensor] --> 0.9436301202745627
[ACC, Root, Position, SPO2, SensorInformation, TEMP, Storage, SQLite, PulseRate, Monitoring, Sensor] --> 0.9627023465918173
[ACC, Root, Position, SPO2, SensorInformation, TEMP, Storage, SQLite, PulseRate, Oxygenation, Monitoring, Sensor] --> 0.9531185294091392
[ACC, Root, Position, SensorInformation, ECG, Storage, SQLite, Fall, Monitoring, Sensor] --> 0.9655962394871564
[ACC, Root, Position, SensorInformation, ECG, Storage, SQLite, Monitoring, Sensor] --> 0.9753055227987119
[ACC, Root, Position, SensorInformation, ECG, Storage, SQLite, PulseRate, Fall, Monitoring, Sensor] --> 0.9559836132540451
[ACC, Root, Position, SensorInformation, ECG, Storage, SQLite, PulseRate, Monitoring, Sensor] --> 0.9655962394871564
[ACC, Root, Position, SensorInformation, ECG, TEMP, Storage, SQLite, Fall, Monitoring, Sensor] --> 0.9627023465918173
[ACC, Root, Position, SensorInformation, ECG, TEMP, Storage, SQLite, Monitoring, Sensor] --> 0.9723825311715786
[ACC, Root, Position, SensorInformation, ECG, TEMP, Storage, SQLite, PulseRate, Fall, Monitoring, Sensor] --> 0.9531185294091392
[ACC, Root, Position, SensorInformation, ECG, TEMP, Storage, SQLite, PulseRate, Monitoring, Sensor] --> 0.9627023465918173
[ACC, Root, Position, SensorInformation, Storage, SQLite, Fall, Monitoring, Sensor] --> 0.9684988314535216
[ACC, Root, Position, SensorInformation, Storage, SQLite, Monitoring, Sensor] --> 0.97823730096795
[ACC, Root, Position, SensorInformation, TEMP, Storage, SQLite, Fall, Monitoring, Sensor] --> 0.9655962394871564
[ACC, Root, Position, SensorInformation, TEMP, Storage, SQLite, Monitoring, Sensor] --> 0.9753055227987119
[ACC, Root, SPO2, Memory, SensorInformation, ECG, Storage, Fall, Monitoring, Sensor] --> 0.9723825311715786
[ACC, Root, SPO2, Memory, SensorInformation, ECG, Storage, Fall, Oxygenation, Monitoring, Sensor] --> 0.9627023465918173
[ACC, Root, SPO2, Memory, SensorInformation, ECG, Storage, Oxygenation, Monitoring, Sensor] --> 0.9723825311715786
[ACC, Root, SPO2, Memory, SensorInformation, ECG, Storage, PulseRate, Fall, Monitoring, Sensor] --> 0.9627023465918173
[ACC, Root, SPO2, Memory, SensorInformation, ECG, Storage, PulseRate, Fall, Oxygenation, Monitoring, Sensor] --> 0.9531185294091392
[ACC, Root, SPO2, Memory, SensorInformation, ECG, Storage, PulseRate, Monitoring, Sensor] --> 0.9723825311715786
[ACC, Root, SPO2, Memory, SensorInformation, ECG, Storage, PulseRate, Oxygenation, Monitoring, Sensor] --> 0.9627023465918173
[ACC, Root, SPO2, Memory, SensorInformation, ECG, TEMP, Storage, Fall, Monitoring, Sensor] --> 0.9694682997532749
[ACC, Root, SPO2, Memory, SensorInformation, ECG, TEMP, Storage, Fall, Oxygenation, Monitoring, Sensor] --> 0.9598171266963793
[ACC, Root, SPO2, Memory, SensorInformation, ECG, TEMP, Storage, Oxygenation, Monitoring, Sensor] --> 0.9694682997532749
[ACC, Root, SPO2, Memory, SensorInformation, ECG, TEMP, Storage, PulseRate, Fall, Monitoring, Sensor] --> 0.9598171266963793
[ACC, Root, SPO2, Memory, SensorInformation, ECG, TEMP, Storage, PulseRate, Fall, Oxygenation, Monitoring, Sensor] --> 0.9502620322233816
[ACC, Root, SPO2, Memory, SensorInformation, ECG, TEMP, Storage, PulseRate, Monitoring, Sensor] --> 0.9694682997532749
[ACC, Root, SPO2, Memory, SensorInformation, ECG, TEMP, Storage, PulseRate, Oxygenation, Monitoring, Sensor] --> 0.9598171266963793
[ACC, Root, SPO2, Memory, SensorInformation, Storage, Fall, Monitoring, Sensor] --> 0.9753055227987119
[ACC, Root, SPO2, Memory, SensorInformation, Storage, Fall, Oxygenation, Monitoring, Sensor] --> 0.9655962394871564
[ACC, Root, SPO2, Memory, SensorInformation, Storage, Oxygenation, Monitoring, Sensor] --> 0.9753055227987119
[ACC, Root, SPO2, Memory, SensorInformation, Storage, PulseRate, Fall, Monitoring, Sensor] --> 0.9655962394871564
[ACC, Root, SPO2, Memory, SensorInformation, Storage, PulseRate, Fall, Oxygenation, Monitoring, Sensor] --> 0.9559836132540451
[ACC, Root, SPO2, Memory, SensorInformation, Storage, PulseRate, Monitoring, Sensor] --> 0.9753055227987119
[ACC, Root, SPO2, Memory, SensorInformation, Storage, PulseRate, Oxygenation, Monitoring, Sensor] --> 0.9655962394871564
[ACC, Root, SPO2, Memory, SensorInformation, TEMP, Storage, Fall, Monitoring, Sensor] --> 0.9723825311715786
[ACC, Root, SPO2, Memory, SensorInformation, TEMP, Storage, Fall, Oxygenation, Monitoring, Sensor] --> 0.9627023465918173
[ACC, Root, SPO2, Memory, SensorInformation, TEMP, Storage, Oxygenation, Monitoring, Sensor] --> 0.9723825311715786
[ACC, Root, SPO2, Memory, SensorInformation, TEMP, Storage, PulseRate, Fall, Monitoring, Sensor] --> 0.9627023465918173
[ACC, Root, SPO2, Memory, SensorInformation, TEMP, Storage, PulseRate, Fall, Oxygenation, Monitoring, Sensor] --> 0.9531185294091392
[ACC, Root, SPO2, Memory, SensorInformation, TEMP, Storage, PulseRate, Monitoring, Sensor] --> 0.9723825311715786
[ACC, Root, SPO2, Memory, SensorInformation, TEMP, Storage, PulseRate, Oxygenation, Monitoring, Sensor] --> 0.9627023465918173
[ACC, Root, SPO2, SensorInformation, ECG, Storage, SQLite, Fall, Monitoring, Sensor] --> 0.9723825311715786
[ACC, Root, SPO2, SensorInformation, ECG, Storage, SQLite, Fall, Oxygenation, Monitoring, Sensor] --> 0.9627023465918173
[ACC, Root, SPO2, SensorInformation, ECG, Storage, SQLite, Oxygenation, Monitoring, Sensor] --> 0.9723825311715786
[ACC, Root, SPO2, SensorInformation, ECG, Storage, SQLite, PulseRate, Fall, Monitoring, Sensor] --> 0.9627023465918173
[ACC, Root, SPO2, SensorInformation, ECG, Storage, SQLite, PulseRate, Fall, Oxygenation, Monitoring, Sensor] --> 0.9531185294091392
[ACC, Root, SPO2, SensorInformation, ECG, Storage, SQLite, PulseRate, Monitoring, Sensor] --> 0.9723825311715786
[ACC, Root, SPO2, SensorInformation, ECG, Storage, SQLite, PulseRate, Oxygenation, Monitoring, Sensor] --> 0.9627023465918173
[ACC, Root, SPO2, SensorInformation, ECG, TEMP, Storage, SQLite, Fall, Monitoring, Sensor] --> 0.9694682997532749
[ACC, Root, SPO2, SensorInformation, ECG, TEMP, Storage, SQLite, Fall, Oxygenation, Monitoring, Sensor] --> 0.9598171266963793
[ACC, Root, SPO2, SensorInformation, ECG, TEMP, Storage, SQLite, Oxygenation, Monitoring, Sensor] --> 0.9694682997532749
[ACC, Root, SPO2, SensorInformation, ECG, TEMP, Storage, SQLite, PulseRate, Fall, Monitoring, Sensor] --> 0.9598171266963793
[ACC, Root, SPO2, SensorInformation, ECG, TEMP, Storage, SQLite, PulseRate, Fall, Oxygenation, Monitoring, Sensor] --> 0.9502620322233816
[ACC, Root, SPO2, SensorInformation, ECG, TEMP, Storage, SQLite, PulseRate, Monitoring, Sensor] --> 0.9694682997532749
[ACC, Root, SPO2, SensorInformation, ECG, TEMP, Storage, SQLite, PulseRate, Oxygenation, Monitoring, Sensor] --> 0.9598171266963793
[ACC, Root, SPO2, SensorInformation, Storage, SQLite, Fall, Monitoring, Sensor] --> 0.9753055227987119
[ACC, Root, SPO2, SensorInformation, Storage, SQLite, Fall, Oxygenation, Monitoring, Sensor] --> 0.9655962394871564
[ACC, Root, SPO2, SensorInformation, Storage, SQLite, Oxygenation, Monitoring, Sensor] --> 0.9753055227987119
[ACC, Root, SPO2, SensorInformation, Storage, SQLite, PulseRate, Fall, Monitoring, Sensor] --> 0.9655962394871564
[ACC, Root, SPO2, SensorInformation, Storage, SQLite, PulseRate, Fall, Oxygenation, Monitoring, Sensor] --> 0.9559836132540451
[ACC, Root, SPO2, SensorInformation, Storage, SQLite, PulseRate, Monitoring, Sensor] --> 0.9753055227987119
[ACC, Root, SPO2, SensorInformation, Storage, SQLite, PulseRate, Oxygenation, Monitoring, Sensor] --> 0.9655962394871564
[ACC, Root, SPO2, SensorInformation, TEMP, Storage, SQLite, Fall, Monitoring, Sensor] --> 0.9723825311715786
[ACC, Root, SPO2, SensorInformation, TEMP, Storage, SQLite, Fall, Oxygenation, Monitoring, Sensor] --> 0.9627023465918173
[ACC, Root, SPO2, SensorInformation, TEMP, Storage, SQLite, Oxygenation, Monitoring, Sensor] --> 0.9723825311715786
[ACC, Root, SPO2, SensorInformation, TEMP, Storage, SQLite, PulseRate, Fall, Monitoring, Sensor] --> 0.9627023465918173
[ACC, Root, SPO2, SensorInformation, TEMP, Storage, SQLite, PulseRate, Fall, Oxygenation, Monitoring, Sensor] --> 0.9531185294091392
[ACC, Root, SPO2, SensorInformation, TEMP, Storage, SQLite, PulseRate, Monitoring, Sensor] --> 0.9723825311715786
[ACC, Root, SPO2, SensorInformation, TEMP, Storage, SQLite, PulseRate, Oxygenation, Monitoring, Sensor] --> 0.9627023465918173
[ACC, Root, SensorInformation, ECG, Storage, SQLite, Fall, Monitoring, Sensor] --> 0.9753055227987119
[ACC, Root, SensorInformation, ECG, Storage, SQLite, PulseRate, Fall, Monitoring, Sensor] --> 0.9655962394871564
[ACC, Root, SensorInformation, ECG, Storage, SQLite, PulseRate, Monitoring, Sensor] --> 0.9753055227987119
[ACC, Root, SensorInformation, ECG, TEMP, Storage, SQLite, Fall, Monitoring, Sensor] --> 0.9723825311715786
[ACC, Root, SensorInformation, ECG, TEMP, Storage, SQLite, PulseRate, Fall, Monitoring, Sensor] --> 0.9627023465918173
[ACC, Root, SensorInformation, ECG, TEMP, Storage, SQLite, PulseRate, Monitoring, Sensor] --> 0.9723825311715786
[ACC, Root, SensorInformation, Storage, SQLite, Fall, Monitoring, Sensor] --> 0.97823730096795
[ACC, Root, SensorInformation, TEMP, Storage, SQLite, Fall, Monitoring, Sensor] --> 0.9753055227987119
[ACC, Temperature, Root, Memory, SensorInformation, ECG, TEMP, Storage, Fall, Monitoring, Sensor] --> 0.9627023465918173
[ACC, Temperature, Root, Memory, SensorInformation, ECG, TEMP, Storage, Monitoring, Sensor] --> 0.9723825311715786
[ACC, Temperature, Root, Memory, SensorInformation, ECG, TEMP, Storage, PulseRate, Fall, Monitoring, Sensor] --> 0.9531185294091392
[ACC, Temperature, Root, Memory, SensorInformation, ECG, TEMP, Storage, PulseRate, Monitoring, Sensor] --> 0.9627023465918173
[ACC, Temperature, Root, Memory, SensorInformation, TEMP, Storage, Fall, Monitoring, Sensor] --> 0.9655962394871564
[ACC, Temperature, Root, Memory, SensorInformation, TEMP, Storage, Monitoring, Sensor] --> 0.9753055227987119
[ACC, Temperature, Root, Position, Memory, SensorInformation, ECG, TEMP, Storage, Fall, Monitoring, Sensor] --> 0.9531185294091392
[ACC, Temperature, Root, Position, Memory, SensorInformation, ECG, TEMP, Storage, Monitoring, Sensor] --> 0.9627023465918173
[ACC, Temperature, Root, Position, Memory, SensorInformation, ECG, TEMP, Storage, PulseRate, Fall, Monitoring, Sensor] --> 0.9436301202745627
[ACC, Temperature, Root, Position, Memory, SensorInformation, ECG, TEMP, Storage, PulseRate, Monitoring, Sensor] --> 0.9531185294091392
[ACC, Temperature, Root, Position, Memory, SensorInformation, TEMP, Storage, Fall, Monitoring, Sensor] --> 0.9559836132540451
[ACC, Temperature, Root, Position, Memory, SensorInformation, TEMP, Storage, Monitoring, Sensor] --> 0.9655962394871564
[ACC, Temperature, Root, Position, SPO2, Memory, SensorInformation, ECG, TEMP, Storage, Fall, Monitoring, Sensor] --> 0.9502620322233816
[ACC, Temperature, Root, Position, SPO2, Memory, SensorInformation, ECG, TEMP, Storage, Fall, Oxygenation, Monitoring, Sensor] --> 0.9408020598604697
[ACC, Temperature, Root, Position, SPO2, Memory, SensorInformation, ECG, TEMP, Storage, Monitoring, Sensor] --> 0.9598171266963793
[ACC, Temperature, Root, Position, SPO2, Memory, SensorInformation, ECG, TEMP, Storage, Oxygenation, Monitoring, Sensor] --> 0.9502620322233816
[ACC, Temperature, Root, Position, SPO2, Memory, SensorInformation, ECG, TEMP, Storage, PulseRate, Fall, Monitoring, Sensor] --> 0.9408020598604697
[ACC, Temperature, Root, Position, SPO2, Memory, SensorInformation, ECG, TEMP, Storage, PulseRate, Fall, Oxygenation, Monitoring, Sensor] --> 0.9314362626556432
[ACC, Temperature, Root, Position, SPO2, Memory, SensorInformation, ECG, TEMP, Storage, PulseRate, Monitoring, Sensor] --> 0.9502620322233816
[ACC, Temperature, Root, Position, SPO2, Memory, SensorInformation, ECG, TEMP, Storage, PulseRate, Oxygenation, Monitoring, Sensor] --> 0.9408020598604697
[ACC, Temperature, Root, Position, SPO2, Memory, SensorInformation, TEMP, Storage, Fall, Monitoring, Sensor] --> 0.9531185294091392
[ACC, Temperature, Root, Position, SPO2, Memory, SensorInformation, TEMP, Storage, Fall, Oxygenation, Monitoring, Sensor] --> 0.9436301202745627
[ACC, Temperature, Root, Position, SPO2, Memory, SensorInformation, TEMP, Storage, Monitoring, Sensor] --> 0.9627023465918173
[ACC, Temperature, Root, Position, SPO2, Memory, SensorInformation, TEMP, Storage, Oxygenation, Monitoring, Sensor] --> 0.9531185294091392
[ACC, Temperature, Root, Position, SPO2, Memory, SensorInformation, TEMP, Storage, PulseRate, Fall, Monitoring, Sensor] --> 0.9436301202745627
[ACC, Temperature, Root, Position, SPO2, Memory, SensorInformation, TEMP, Storage, PulseRate, Fall, Oxygenation, Monitoring, Sensor] --> 0.9342361693895396
[ACC, Temperature, Root, Position, SPO2, Memory, SensorInformation, TEMP, Storage, PulseRate, Monitoring, Sensor] --> 0.9531185294091392
[ACC, Temperature, Root, Position, SPO2, Memory, SensorInformation, TEMP, Storage, PulseRate, Oxygenation, Monitoring, Sensor] --> 0.9436301202745627
[ACC, Temperature, Root, Position, SPO2, SensorInformation, ECG, TEMP, Storage, SQLite, Fall, Monitoring, Sensor] --> 0.9502620322233816
[ACC, Temperature, Root, Position, SPO2, SensorInformation, ECG, TEMP, Storage, SQLite, Fall, Oxygenation, Monitoring, Sensor] --> 0.9408020598604697
[ACC, Temperature, Root, Position, SPO2, SensorInformation, ECG, TEMP, Storage, SQLite, Monitoring, Sensor] --> 0.9598171266963793
[ACC, Temperature, Root, Position, SPO2, SensorInformation, ECG, TEMP, Storage, SQLite, Oxygenation, Monitoring, Sensor] --> 0.9502620322233816
[ACC, Temperature, Root, Position, SPO2, SensorInformation, ECG, TEMP, Storage, SQLite, PulseRate, Fall, Monitoring, Sensor] --> 0.9408020598604697
[ACC, Temperature, Root, Position, SPO2, SensorInformation, ECG, TEMP, Storage, SQLite, PulseRate, Fall, Oxygenation, Monitoring, Sensor] --> 0.9314362626556432
[ACC, Temperature, Root, Position, SPO2, SensorInformation, ECG, TEMP, Storage, SQLite, PulseRate, Monitoring, Sensor] --> 0.9502620322233816
[ACC, Temperature, Root, Position, SPO2, SensorInformation, ECG, TEMP, Storage, SQLite, PulseRate, Oxygenation, Monitoring, Sensor] --> 0.9408020598604697
[ACC, Temperature, Root, Position, SPO2, SensorInformation, TEMP, Storage, SQLite, Fall, Monitoring, Sensor] --> 0.9531185294091392
[ACC, Temperature, Root, Position, SPO2, SensorInformation, TEMP, Storage, SQLite, Fall, Oxygenation, Monitoring, Sensor] --> 0.9436301202745627
[ACC, Temperature, Root, Position, SPO2, SensorInformation, TEMP, Storage, SQLite, Monitoring, Sensor] --> 0.9627023465918173
[ACC, Temperature, Root, Position, SPO2, SensorInformation, TEMP, Storage, SQLite, Oxygenation, Monitoring, Sensor] --> 0.9531185294091392
[ACC, Temperature, Root, Position, SPO2, SensorInformation, TEMP, Storage, SQLite, PulseRate, Fall, Monitoring, Sensor] --> 0.9436301202745627
[ACC, Temperature, Root, Position, SPO2, SensorInformation, TEMP, Storage, SQLite, PulseRate, Fall, Oxygenation, Monitoring, Sensor] --> 0.9342361693895396
[ACC, Temperature, Root, Position, SPO2, SensorInformation, TEMP, Storage, SQLite, PulseRate, Monitoring, Sensor] --> 0.9531185294091392
[ACC, Temperature, Root, Position, SPO2, SensorInformation, TEMP, Storage, SQLite, PulseRate, Oxygenation, Monitoring, Sensor] --> 0.9436301202745627
[ACC, Temperature, Root, Position, SensorInformation, ECG, TEMP, Storage, SQLite, Fall, Monitoring, Sensor] --> 0.9531185294091392
[ACC, Temperature, Root, Position, SensorInformation, ECG, TEMP, Storage, SQLite, Monitoring, Sensor] --> 0.9627023465918173
[ACC, Temperature, Root, Position, SensorInformation, ECG, TEMP, Storage, SQLite, PulseRate, Fall, Monitoring, Sensor] --> 0.9436301202745627
[ACC, Temperature, Root, Position, SensorInformation, ECG, TEMP, Storage, SQLite, PulseRate, Monitoring, Sensor] --> 0.9531185294091392
[ACC, Temperature, Root, Position, SensorInformation, TEMP, Storage, SQLite, Fall, Monitoring, Sensor] --> 0.9559836132540451
[ACC, Temperature, Root, Position, SensorInformation, TEMP, Storage, SQLite, Monitoring, Sensor] --> 0.9655962394871564
[ACC, Temperature, Root, SPO2, Memory, SensorInformation, ECG, TEMP, Storage, Fall, Monitoring, Sensor] --> 0.9598171266963793
[ACC, Temperature, Root, SPO2, Memory, SensorInformation, ECG, TEMP, Storage, Fall, Oxygenation, Monitoring, Sensor] --> 0.9502620322233816
[ACC, Temperature, Root, SPO2, Memory, SensorInformation, ECG, TEMP, Storage, Monitoring, Sensor] --> 0.9694682997532749
[ACC, Temperature, Root, SPO2, Memory, SensorInformation, ECG, TEMP, Storage, Oxygenation, Monitoring, Sensor] --> 0.9598171266963793
[ACC, Temperature, Root, SPO2, Memory, SensorInformation, ECG, TEMP, Storage, PulseRate, Fall, Monitoring, Sensor] --> 0.9502620322233816
[ACC, Temperature, Root, SPO2, Memory, SensorInformation, ECG, TEMP, Storage, PulseRate, Fall, Oxygenation, Monitoring, Sensor] --> 0.9408020598604697
[ACC, Temperature, Root, SPO2, Memory, SensorInformation, ECG, TEMP, Storage, PulseRate, Monitoring, Sensor] --> 0.9598171266963793
[ACC, Temperature, Root, SPO2, Memory, SensorInformation, ECG, TEMP, Storage, PulseRate, Oxygenation, Monitoring, Sensor] --> 0.9502620322233816
[ACC, Temperature, Root, SPO2, Memory, SensorInformation, TEMP, Storage, Fall, Monitoring, Sensor] --> 0.9627023465918173
[ACC, Temperature, Root, SPO2, Memory, SensorInformation, TEMP, Storage, Fall, Oxygenation, Monitoring, Sensor] --> 0.9531185294091392
[ACC, Temperature, Root, SPO2, Memory, SensorInformation, TEMP, Storage, Monitoring, Sensor] --> 0.9723825311715786
[ACC, Temperature, Root, SPO2, Memory, SensorInformation, TEMP, Storage, Oxygenation, Monitoring, Sensor] --> 0.9627023465918173
[ACC, Temperature, Root, SPO2, Memory, SensorInformation, TEMP, Storage, PulseRate, Fall, Monitoring, Sensor] --> 0.9531185294091392
[ACC, Temperature, Root, SPO2, Memory, SensorInformation, TEMP, Storage, PulseRate, Fall, Oxygenation, Monitoring, Sensor] --> 0.9436301202745627
[ACC, Temperature, Root, SPO2, Memory, SensorInformation, TEMP, Storage, PulseRate, Monitoring, Sensor] --> 0.9627023465918173
[ACC, Temperature, Root, SPO2, Memory, SensorInformation, TEMP, Storage, PulseRate, Oxygenation, Monitoring, Sensor] --> 0.9531185294091392
[ACC, Temperature, Root, SPO2, SensorInformation, ECG, TEMP, Storage, SQLite, Fall, Monitoring, Sensor] --> 0.9598171266963793
[ACC, Temperature, Root, SPO2, SensorInformation, ECG, TEMP, Storage, SQLite, Fall, Oxygenation, Monitoring, Sensor] --> 0.9502620322233816
[ACC, Temperature, Root, SPO2, SensorInformation, ECG, TEMP, Storage, SQLite, Monitoring, Sensor] --> 0.9694682997532749
[ACC, Temperature, Root, SPO2, SensorInformation, ECG, TEMP, Storage, SQLite, Oxygenation, Monitoring, Sensor] --> 0.9598171266963793
[ACC, Temperature, Root, SPO2, SensorInformation, ECG, TEMP, Storage, SQLite, PulseRate, Fall, Monitoring, Sensor] --> 0.9502620322233816
[ACC, Temperature, Root, SPO2, SensorInformation, ECG, TEMP, Storage, SQLite, PulseRate, Fall, Oxygenation, Monitoring, Sensor] --> 0.9408020598604697
[ACC, Temperature, Root, SPO2, SensorInformation, ECG, TEMP, Storage, SQLite, PulseRate, Monitoring, Sensor] --> 0.9598171266963793
[ACC, Temperature, Root, SPO2, SensorInformation, ECG, TEMP, Storage, SQLite, PulseRate, Oxygenation, Monitoring, Sensor] --> 0.9502620322233816
[ACC, Temperature, Root, SPO2, SensorInformation, TEMP, Storage, SQLite, Fall, Monitoring, Sensor] --> 0.9627023465918173
[ACC, Temperature, Root, SPO2, SensorInformation, TEMP, Storage, SQLite, Fall, Oxygenation, Monitoring, Sensor] --> 0.9531185294091392
[ACC, Temperature, Root, SPO2, SensorInformation, TEMP, Storage, SQLite, Monitoring, Sensor] --> 0.9723825311715786
[ACC, Temperature, Root, SPO2, SensorInformation, TEMP, Storage, SQLite, Oxygenation, Monitoring, Sensor] --> 0.9627023465918173
[ACC, Temperature, Root, SPO2, SensorInformation, TEMP, Storage, SQLite, PulseRate, Fall, Monitoring, Sensor] --> 0.9531185294091392
[ACC, Temperature, Root, SPO2, SensorInformation, TEMP, Storage, SQLite, PulseRate, Fall, Oxygenation, Monitoring, Sensor] --> 0.9436301202745627
[ACC, Temperature, Root, SPO2, SensorInformation, TEMP, Storage, SQLite, PulseRate, Monitoring, Sensor] --> 0.9627023465918173
[ACC, Temperature, Root, SPO2, SensorInformation, TEMP, Storage, SQLite, PulseRate, Oxygenation, Monitoring, Sensor] --> 0.9531185294091392
[ACC, Temperature, Root, SensorInformation, ECG, TEMP, Storage, SQLite, Fall, Monitoring, Sensor] --> 0.9627023465918173
[ACC, Temperature, Root, SensorInformation, ECG, TEMP, Storage, SQLite, Monitoring, Sensor] --> 0.9723825311715786
[ACC, Temperature, Root, SensorInformation, ECG, TEMP, Storage, SQLite, PulseRate, Fall, Monitoring, Sensor] --> 0.9531185294091392
[ACC, Temperature, Root, SensorInformation, ECG, TEMP, Storage, SQLite, PulseRate, Monitoring, Sensor] --> 0.9627023465918173
[ACC, Temperature, Root, SensorInformation, TEMP, Storage, SQLite, Fall, Monitoring, Sensor] --> 0.9655962394871564
[ACC, Temperature, Root, SensorInformation, TEMP, Storage, SQLite, Monitoring, Sensor] --> 0.9753055227987119
[Root, Memory, SensorInformation, ECG, Storage, PulseRate, Monitoring, Sensor] --> 0.97823730096795
[Root, Memory, SensorInformation, ECG, TEMP, Storage, PulseRate, Monitoring, Sensor] --> 0.9753055227987119
[Root, SPO2, Memory, SensorInformation, ECG, Storage, Oxygenation, Monitoring, Sensor] --> 0.9753055227987119
[Root, SPO2, Memory, SensorInformation, ECG, Storage, PulseRate, Monitoring, Sensor] --> 0.9753055227987119
[Root, SPO2, Memory, SensorInformation, ECG, Storage, PulseRate, Oxygenation, Monitoring, Sensor] --> 0.9655962394871564
[Root, SPO2, Memory, SensorInformation, ECG, TEMP, Storage, Oxygenation, Monitoring, Sensor] --> 0.9723825311715786
[Root, SPO2, Memory, SensorInformation, ECG, TEMP, Storage, PulseRate, Monitoring, Sensor] --> 0.9723825311715786
[Root, SPO2, Memory, SensorInformation, ECG, TEMP, Storage, PulseRate, Oxygenation, Monitoring, Sensor] --> 0.9627023465918173
[Root, SPO2, Memory, SensorInformation, Storage, Oxygenation, Monitoring, Sensor] --> 0.97823730096795
[Root, SPO2, Memory, SensorInformation, Storage, PulseRate, Monitoring, Sensor] --> 0.97823730096795
[Root, SPO2, Memory, SensorInformation, Storage, PulseRate, Oxygenation, Monitoring, Sensor] --> 0.9684988314535216
[Root, SPO2, Memory, SensorInformation, TEMP, Storage, Oxygenation, Monitoring, Sensor] --> 0.9753055227987119
[Root, SPO2, Memory, SensorInformation, TEMP, Storage, PulseRate, Monitoring, Sensor] --> 0.9753055227987119
[Root, SPO2, Memory, SensorInformation, TEMP, Storage, PulseRate, Oxygenation, Monitoring, Sensor] --> 0.9655962394871564
[Root, SPO2, SensorInformation, ECG, Storage, SQLite, Oxygenation, Monitoring, Sensor] --> 0.9753055227987119
[Root, SPO2, SensorInformation, ECG, Storage, SQLite, PulseRate, Monitoring, Sensor] --> 0.9753055227987119
[Root, SPO2, SensorInformation, ECG, Storage, SQLite, PulseRate, Oxygenation, Monitoring, Sensor] --> 0.9655962394871564
[Root, SPO2, SensorInformation, ECG, TEMP, Storage, SQLite, Oxygenation, Monitoring, Sensor] --> 0.9723825311715786
[Root, SPO2, SensorInformation, ECG, TEMP, Storage, SQLite, PulseRate, Monitoring, Sensor] --> 0.9723825311715786
[Root, SPO2, SensorInformation, ECG, TEMP, Storage, SQLite, PulseRate, Oxygenation, Monitoring, Sensor] --> 0.9627023465918173
[Root, SPO2, SensorInformation, Storage, SQLite, Oxygenation, Monitoring, Sensor] --> 0.97823730096795
[Root, SPO2, SensorInformation, Storage, SQLite, PulseRate, Monitoring, Sensor] --> 0.97823730096795
[Root, SPO2, SensorInformation, Storage, SQLite, PulseRate, Oxygenation, Monitoring, Sensor] --> 0.9684988314535216
[Root, SPO2, SensorInformation, TEMP, Storage, SQLite, Oxygenation, Monitoring, Sensor] --> 0.9753055227987119
[Root, SPO2, SensorInformation, TEMP, Storage, SQLite, PulseRate, Monitoring, Sensor] --> 0.9753055227987119
[Root, SPO2, SensorInformation, TEMP, Storage, SQLite, PulseRate, Oxygenation, Monitoring, Sensor] --> 0.9655962394871564
[Root, SensorInformation, ECG, Storage, SQLite, PulseRate, Monitoring, Sensor] --> 0.97823730096795
[Root, SensorInformation, ECG, TEMP, Storage, SQLite, PulseRate, Monitoring, Sensor] --> 0.9753055227987119
[Temperature, Root, Memory, SensorInformation, ECG, TEMP, Storage, Monitoring, Sensor] --> 0.9753055227987119
[Temperature, Root, Memory, SensorInformation, ECG, TEMP, Storage, PulseRate, Monitoring, Sensor] --> 0.9655962394871564
[Temperature, Root, Memory, SensorInformation, TEMP, Storage, Monitoring, Sensor] --> 0.97823730096795
[Temperature, Root, SPO2, Memory, SensorInformation, ECG, TEMP, Storage, Monitoring, Sensor] --> 0.9723825311715786
[Temperature, Root, SPO2, Memory, SensorInformation, ECG, TEMP, Storage, Oxygenation, Monitoring, Sensor] --> 0.9627023465918173
[Temperature, Root, SPO2, Memory, SensorInformation, ECG, TEMP, Storage, PulseRate, Monitoring, Sensor] --> 0.9627023465918173
[Temperature, Root, SPO2, Memory, SensorInformation, ECG, TEMP, Storage, PulseRate, Oxygenation, Monitoring, Sensor] --> 0.9531185294091392
[Temperature, Root, SPO2, Memory, SensorInformation, TEMP, Storage, Monitoring, Sensor] --> 0.9753055227987119
[Temperature, Root, SPO2, Memory, SensorInformation, TEMP, Storage, Oxygenation, Monitoring, Sensor] --> 0.9655962394871564
[Temperature, Root, SPO2, Memory, SensorInformation, TEMP, Storage, PulseRate, Monitoring, Sensor] --> 0.9655962394871564
[Temperature, Root, SPO2, Memory, SensorInformation, TEMP, Storage, PulseRate, Oxygenation, Monitoring, Sensor] --> 0.9559836132540451
[Temperature, Root, SPO2, SensorInformation, ECG, TEMP, Storage, SQLite, Monitoring, Sensor] --> 0.9723825311715786
[Temperature, Root, SPO2, SensorInformation, ECG, TEMP, Storage, SQLite, Oxygenation, Monitoring, Sensor] --> 0.9627023465918173
[Temperature, Root, SPO2, SensorInformation, ECG, TEMP, Storage, SQLite, PulseRate, Monitoring, Sensor] --> 0.9627023465918173
[Temperature, Root, SPO2, SensorInformation, ECG, TEMP, Storage, SQLite, PulseRate, Oxygenation, Monitoring, Sensor] --> 0.9531185294091392
[Temperature, Root, SPO2, SensorInformation, TEMP, Storage, SQLite, Monitoring, Sensor] --> 0.9753055227987119
[Temperature, Root, SPO2, SensorInformation, TEMP, Storage, SQLite, Oxygenation, Monitoring, Sensor] --> 0.9655962394871564
[Temperature, Root, SPO2, SensorInformation, TEMP, Storage, SQLite, PulseRate, Monitoring, Sensor] --> 0.9655962394871564
[Temperature, Root, SPO2, SensorInformation, TEMP, Storage, SQLite, PulseRate, Oxygenation, Monitoring, Sensor] --> 0.9559836132540451
[Temperature, Root, SensorInformation, ECG, TEMP, Storage, SQLite, Monitoring, Sensor] --> 0.9753055227987119
[Temperature, Root, SensorInformation, ECG, TEMP, Storage, SQLite, PulseRate, Monitoring, Sensor] --> 0.9655962394871564
[Temperature, Root, SensorInformation, TEMP, Storage, SQLite, Monitoring, Sensor] --> 0.97823730096795
=========================================
>>>> Total valid configurations: 298
Total analysis time: 504 ms
Total running time: 887 ms
