Previous variable order: [Sensor, ACC, TEMP, Fall, Position, Temperature, PulseRate, Oxygenation, ECG, Memory, SQLite, SPO2, SensorInformation, Monitoring, Root, Storage]
New variable order: [Sensor, ACC, TEMP, Fall, Position, Temperature, PulseRate, Oxygenation, ECG, Memory, SQLite, SPO2, SensorInformation, Monitoring, Root, Storage, o_1]
***** Evolution aware reliability analysis *****
++++++ Alpha Time: 22 ++++++
++++++ Lift Time: 10 ++++++
Node SD_2 deriveSingle: 0
Node Capture deriveSingle: 1
Node AD_SPL_1 deriveSingle: 6
++++++ Sigma Time: 8 ++++++
Total analysis time: 47 ms


Configurations:
=========================================
[ACC, Root, Memory, SensorInformation, ECG, TEMP, Storage, PulseRate, Monitoring, Sensor, o_1] --> 0.9198973365056895
[ACC, Root, Memory, SensorInformation, ECG, TEMP, Storage, PulseRate, Monitoring, Sensor] --> 0.9723825311715786
[ACC, Root, Position, Memory, SensorInformation, ECG, Storage, Fall, Monitoring, Sensor, o_1] --> 0.9134773408299866
[ACC, Root, Position, Memory, SensorInformation, ECG, Storage, Fall, Monitoring, Sensor] --> 0.9655962394871564
[ACC, Root, Position, SPO2, SensorInformation, ECG, Storage, SQLite, PulseRate, Monitoring, Sensor, o_1] --> 0.9107396483260418
[ACC, Root, Position, SPO2, SensorInformation, ECG, Storage, SQLite, PulseRate, Monitoring, Sensor] --> 0.9627023465918173
[ACC, Root, SPO2, Memory, SensorInformation, TEMP, Storage, PulseRate, Oxygenation, Monitoring, Sensor, o_1] --> 0.9107396483260418
[ACC, Root, SPO2, Memory, SensorInformation, TEMP, Storage, PulseRate, Oxygenation, Monitoring, Sensor] --> 0.9627023465918173
[ACC, Root, SensorInformation, ECG, TEMP, Storage, SQLite, PulseRate, Monitoring, Sensor, o_1] --> 0.9198973365056895
[ACC, Root, SensorInformation, ECG, TEMP, Storage, SQLite, PulseRate, Monitoring, Sensor] --> 0.9723825311715786
[ACC, Temperature, Root, Position, SPO2, Memory, SensorInformation, ECG, TEMP, Storage, Fall, Oxygenation, Monitoring, Sensor, o_1] --> 0.8900214486596979
[ACC, Temperature, Root, Position, SPO2, Memory, SensorInformation, ECG, TEMP, Storage, Fall, Oxygenation, Monitoring, Sensor] --> 0.9408020598604697
[ACC, Temperature, Root, Position, SPO2, Memory, SensorInformation, TEMP, Storage, Fall, Monitoring, Sensor, o_1] --> 0.9016731260292242
[ACC, Temperature, Root, Position, SPO2, Memory, SensorInformation, TEMP, Storage, Fall, Monitoring, Sensor] --> 0.9531185294091392
[Root, SPO2, SensorInformation, Storage, SQLite, PulseRate, Oxygenation, Monitoring, Sensor, o_1] --> 0.9162232628650163
[Root, SPO2, SensorInformation, Storage, SQLite, PulseRate, Oxygenation, Monitoring, Sensor] --> 0.9684988314535216
[Root, SPO2, SensorInformation, TEMP, Storage, SQLite, PulseRate, Monitoring, Sensor, o_1] --> 0.9226625571120166
[Root, SPO2, SensorInformation, TEMP, Storage, SQLite, PulseRate, Monitoring, Sensor] --> 0.9753055227987119
[Temperature, Root, SPO2, Memory, SensorInformation, TEMP, Storage, PulseRate, Oxygenation, Monitoring, Sensor, o_1] --> 0.9043835644763434
[Temperature, Root, SPO2, Memory, SensorInformation, TEMP, Storage, PulseRate, Oxygenation, Monitoring, Sensor] --> 0.9559836132540451
=========================================
>>>> Total valid configurations: 20
Total running time: 486 ms
